19-03-2021 08:26:27 INFO The script was launched successfully.
19-03-2021 08:26:27 INFO Archive directory "/home/demipt/anbo/archive" is exist and available for writing.
19-03-2021 08:26:29 INFO Connection to the server "de-oracle.chronosavant.ru" was established successfully.
19-03-2021 08:26:29 INFO SCD-2.1: All staging tables have been cleared successfully.
19-03-2021 08:26:29 INFO SCD-2.2: The file matching the pattern "passport_blacklist_\d{8}.xlsx" was read to dataframe successfully.
19-03-2021 08:26:29 INFO SCD-2.2: The data from the flat file was successfully loaded into the "ANBO_STG_PSSPRT_BLCKLST" table.
19-03-2021 08:26:29 INFO SCD-2.2: The file matching the pattern "transactions_\d{8}.txt" was read to dataframe successfully.
19-03-2021 08:26:31 INFO SCD-2.2: The data from the flat file was successfully loaded into the "ANBO_STG_TRANSACTIONS" table.
19-03-2021 08:26:31 INFO SCD-2.2: The file matching the pattern "terminals_\d{8}.xlsx" was read to dataframe successfully.
19-03-2021 08:26:32 INFO SCD-2.2: The data from the flat file was successfully loaded into the "ANBO_STG_TERMINALS_DRFT" table.
19-03-2021 08:26:32 INFO SCD-2.2: BANK.ACCOUNTS -> ANBO_STG_BANK_ACCOUNTS OK.
19-03-2021 08:26:32 INFO SCD-2.2: BANK.CARDS -> ANBO_STG_BANK_CARDS.
19-03-2021 08:26:32 INFO SCD-2.2: BANK.CLIENTS -> ANBO_STG_BANK_CLIENTS OK.
19-03-2021 08:26:32 INFO SCD-2.2: (CHANGED ROWS) ANBO_STG_TERMINALS_DRFT -> ANBO_STG_TERMINALS OK.
19-03-2021 08:26:32 INFO SCD-2.2: (NEW ROWS) ANBO_STG_TERMINALS_DRFT -> ANBO_STG_TERMINALS.
19-03-2021 08:26:32 INFO SCD-2.3: (FACT) ANBO_STG_TRANSACTIONS -> ANBO_DWH_FACT_TRANSACTIONS.
19-03-2021 08:26:32 INFO SCD-2.3: (FACT) ANBO_STG_PSSPRT_BLCKLST -> ANBO_DWH_FACT_PSSPRT_BLCKLST. OK
19-03-2021 08:26:32 INFO SCD-2.3: (DIM INSERT) ANBO_STG_TERMINALS -> ANBO_DWH_DIM_TERMINALS_HIST. OK
19-03-2021 08:26:32 INFO SCD-2.3: (DIM MERGE) ANBO_STG_TERMINALS -> ANBO_DWH_DIM_TERMINALS_HIST. OK
19-03-2021 08:26:32 INFO SCD-2.3: (DIM INSERT) ANBO_STG_BANK_ACCOUNTS -> ANBO_DWH_DIM_ACCOUNTS_HIST. OK
19-03-2021 08:26:32 INFO SCD-2.3: (DIM MERGE) ANBO_STG_BANK_ACCOUNTS -> ANBO_DWH_DIM_ACCOUNTS_HIST. OK
19-03-2021 08:26:32 INFO SCD-2.3: (DIM INSERT TRIM) ANBO_STG_BANK_CARDS -> ANBO_DWH_DIM_CARDS_HIST. OK
19-03-2021 08:26:32 INFO SCD-2.3: (DIM MERGE TRIM) ANBO_STG_BANK_CARDS -> ANBO_DWH_DIM_CARDS_HIST. OK
19-03-2021 08:26:32 INFO SCD-2.3: (DIM INSERT) DEMIPT.ANBO_STG_BANK_CLIENTS -> ANBO_DWH_DIM_CLIENTS_HIST. OK
19-03-2021 08:26:32 INFO SCD-2.3: (DIM MERGE) ANBO_STG_BANK_CLIENTS -> ANBO_DWH_DIM_CLIENTS_HIST. OK
19-03-2021 08:26:32 INFO SCD-2.4: (DELETING, KEYS) ANBO_STG_TERMINALS_DRFT -> ANBO_STG_TERMINALS_DEL. OK
19-03-2021 08:26:32 INFO SCD-2.4: (DELETING, KEYS) BANK.ACCOUNTS -> ANBO_STG_BANK_ACCOUNTS_DEL. OK
19-03-2021 08:26:32 INFO SCD-2.4: (DELETING, KEYS) BANK.CARDS -> ANBO_STG_BANK_CARDS_DEL. OK
19-03-2021 08:26:32 INFO SCD-2.4: (DELETING, KEYS) BANK.CARDS -> ANBO_STG_BANK_CARDS_DEL. OK
19-03-2021 08:26:32 INFO SCD-2.5: (DELETING, INSERT, FLAG = 'Y') ANBO_DWH_DIM_TERMINALS_HIST. OK
19-03-2021 08:26:32 INFO SCD-2.5: (DELETING, UPDATE) ANBO_DWH_DIM_TERMINALS_HIST. OK
19-03-2021 08:26:32 INFO SCD-2.5: (DELETING, INSERT, FLAG = 'Y') ANBO_DWH_DIM_ACCOUNTS_HIST. OK
19-03-2021 08:26:32 INFO SCD-2.5: (DELETING, UPDATE) ANBO_DWH_DIM_ACCOUNTS_HIST. OK
19-03-2021 08:26:32 INFO SCD-2.5: (DELETING, INSERT, FLAG = 'Y') ANBO_DWH_DIM_CARDS_HIST. OK
19-03-2021 08:26:32 INFO SCD-2.5: (DELETING, UPDATE) ANBO_DWH_DIM_CARDS_HIST. OK
19-03-2021 08:26:32 INFO SCD-2.5: (DELETING, INSERT, FLAG = 'Y') ANBO_DWH_DIM_CARDS_HIST. OK
19-03-2021 08:26:32 INFO SCD-2.5: (DELETING, UPDATE) ANBO_DWH_DIM_CARDS_HIST. OK
19-03-2021 08:26:32 INFO SCD-2.6: (METADATA UPDATE) ANBO_DWH_DIM_TERMINALS_HIST. OK
19-03-2021 08:26:32 INFO SCD-2.6: (METADATA UPDATE) ANBO_DWH_FACT_PSSPRT_BLCKLST. OK
19-03-2021 08:26:32 INFO SCD-2.6: (METADATA UPDATE) ANBO_DWH_DIM_ACCOUNTS_HIST. OK
19-03-2021 08:26:32 INFO SCD-2.6: (METADATA UPDATE) ANBO_DWH_DIM_CLIENTS_HIST. OK
19-03-2021 08:26:32 INFO SCD-2.6: (METADATA UPDATE) ANBO_DWH_FACT_TRANSACTIONS. OK
19-03-2021 08:26:32 INFO SCD-2.6: (METADATA UPDATE) ANBO_DWH_DIM_CARDS_HIST. OK
19-03-2021 08:26:32 INFO SCD-2.7: All data loaded successfully. Transaction completed successfully. 


19-03-2021 08:27:38 INFO The script was launched successfully.
19-03-2021 08:27:38 INFO Archive directory "/home/demipt/anbo/archive" is exist and available for writing.
19-03-2021 08:27:39 INFO Connection to the server "de-oracle.chronosavant.ru" was established successfully.
19-03-2021 08:27:40 INFO SCD-2.1: All staging tables have been cleared successfully.
19-03-2021 08:27:40 INFO SCD-2.2: The file matching the pattern "passport_blacklist_\d{8}.xlsx" was read to dataframe successfully.
19-03-2021 08:27:40 INFO SCD-2.2: The data from the flat file was successfully loaded into the "ANBO_STG_PSSPRT_BLCKLST" table.
19-03-2021 08:27:40 INFO SCD-2.2: The file matching the pattern "transactions_\d{8}.txt" was read to dataframe successfully.
19-03-2021 08:27:42 INFO SCD-2.2: The data from the flat file was successfully loaded into the "ANBO_STG_TRANSACTIONS" table.
19-03-2021 08:27:42 INFO SCD-2.2: The file matching the pattern "terminals_\d{8}.xlsx" was read to dataframe successfully.
19-03-2021 08:27:42 INFO SCD-2.2: The data from the flat file was successfully loaded into the "ANBO_STG_TERMINALS_DRFT" table.
19-03-2021 08:27:42 INFO SCD-2.2: BANK.ACCOUNTS -> ANBO_STG_BANK_ACCOUNTS OK.
19-03-2021 08:27:42 INFO SCD-2.2: BANK.CARDS -> ANBO_STG_BANK_CARDS.
19-03-2021 08:27:42 INFO SCD-2.2: BANK.CLIENTS -> ANBO_STG_BANK_CLIENTS OK.
19-03-2021 08:27:42 INFO SCD-2.2: (CHANGED ROWS) ANBO_STG_TERMINALS_DRFT -> ANBO_STG_TERMINALS OK.
19-03-2021 08:27:42 INFO SCD-2.2: (NEW ROWS) ANBO_STG_TERMINALS_DRFT -> ANBO_STG_TERMINALS.
19-03-2021 08:27:42 INFO SCD-2.3: (FACT) ANBO_STG_TRANSACTIONS -> ANBO_DWH_FACT_TRANSACTIONS.
19-03-2021 08:27:42 INFO SCD-2.3: (FACT) ANBO_STG_PSSPRT_BLCKLST -> ANBO_DWH_FACT_PSSPRT_BLCKLST. OK
19-03-2021 08:27:42 INFO SCD-2.3: (DIM INSERT) ANBO_STG_TERMINALS -> ANBO_DWH_DIM_TERMINALS_HIST. OK
19-03-2021 08:27:42 INFO SCD-2.3: (DIM MERGE) ANBO_STG_TERMINALS -> ANBO_DWH_DIM_TERMINALS_HIST. OK
19-03-2021 08:27:42 INFO SCD-2.3: (DIM INSERT) ANBO_STG_BANK_ACCOUNTS -> ANBO_DWH_DIM_ACCOUNTS_HIST. OK
19-03-2021 08:27:42 INFO SCD-2.3: (DIM MERGE) ANBO_STG_BANK_ACCOUNTS -> ANBO_DWH_DIM_ACCOUNTS_HIST. OK
19-03-2021 08:27:42 INFO SCD-2.3: (DIM INSERT TRIM) ANBO_STG_BANK_CARDS -> ANBO_DWH_DIM_CARDS_HIST. OK
19-03-2021 08:27:42 INFO SCD-2.3: (DIM MERGE TRIM) ANBO_STG_BANK_CARDS -> ANBO_DWH_DIM_CARDS_HIST. OK
19-03-2021 08:27:42 INFO SCD-2.3: (DIM INSERT) DEMIPT.ANBO_STG_BANK_CLIENTS -> ANBO_DWH_DIM_CLIENTS_HIST. OK
19-03-2021 08:27:42 INFO SCD-2.3: (DIM MERGE) ANBO_STG_BANK_CLIENTS -> ANBO_DWH_DIM_CLIENTS_HIST. OK
19-03-2021 08:27:42 INFO SCD-2.4: (DELETING, KEYS) ANBO_STG_TERMINALS_DRFT -> ANBO_STG_TERMINALS_DEL. OK
19-03-2021 08:27:42 INFO SCD-2.4: (DELETING, KEYS) BANK.ACCOUNTS -> ANBO_STG_BANK_ACCOUNTS_DEL. OK
19-03-2021 08:27:42 INFO SCD-2.4: (DELETING, KEYS) BANK.CARDS -> ANBO_STG_BANK_CARDS_DEL. OK
19-03-2021 08:27:42 INFO SCD-2.4: (DELETING, KEYS) BANK.CARDS -> ANBO_STG_BANK_CARDS_DEL. OK
19-03-2021 08:27:42 INFO SCD-2.5: (DELETING, INSERT, FLAG = 'Y') ANBO_DWH_DIM_TERMINALS_HIST. OK
19-03-2021 08:27:42 INFO SCD-2.5: (DELETING, UPDATE) ANBO_DWH_DIM_TERMINALS_HIST. OK
19-03-2021 08:27:42 INFO SCD-2.5: (DELETING, INSERT, FLAG = 'Y') ANBO_DWH_DIM_ACCOUNTS_HIST. OK
19-03-2021 08:27:42 INFO SCD-2.5: (DELETING, UPDATE) ANBO_DWH_DIM_ACCOUNTS_HIST. OK
19-03-2021 08:27:42 INFO SCD-2.5: (DELETING, INSERT, FLAG = 'Y') ANBO_DWH_DIM_CARDS_HIST. OK
19-03-2021 08:27:42 INFO SCD-2.5: (DELETING, UPDATE) ANBO_DWH_DIM_CARDS_HIST. OK
19-03-2021 08:27:42 INFO SCD-2.5: (DELETING, INSERT, FLAG = 'Y') ANBO_DWH_DIM_CARDS_HIST. OK
19-03-2021 08:27:42 INFO SCD-2.5: (DELETING, UPDATE) ANBO_DWH_DIM_CARDS_HIST. OK
19-03-2021 08:27:42 INFO SCD-2.6: (METADATA UPDATE) ANBO_DWH_DIM_TERMINALS_HIST. OK
19-03-2021 08:27:42 INFO SCD-2.6: (METADATA UPDATE) ANBO_DWH_FACT_PSSPRT_BLCKLST. OK
19-03-2021 08:27:42 INFO SCD-2.6: (METADATA UPDATE) ANBO_DWH_DIM_ACCOUNTS_HIST. OK
19-03-2021 08:27:42 INFO SCD-2.6: (METADATA UPDATE) ANBO_DWH_DIM_CLIENTS_HIST. OK
19-03-2021 08:27:42 INFO SCD-2.6: (METADATA UPDATE) ANBO_DWH_FACT_TRANSACTIONS. OK
19-03-2021 08:27:42 INFO SCD-2.6: (METADATA UPDATE) ANBO_DWH_DIM_CARDS_HIST. OK
19-03-2021 08:27:42 INFO SCD-2.7: All data loaded successfully. Transaction completed successfully. 


19-03-2021 08:28:35 INFO The script was launched successfully.
19-03-2021 08:28:35 INFO Archive directory "/home/demipt/anbo/archive" is exist and available for writing.
19-03-2021 08:28:36 INFO Connection to the server "de-oracle.chronosavant.ru" was established successfully.
19-03-2021 08:28:36 INFO SCD-2.1: All staging tables have been cleared successfully.
19-03-2021 08:28:36 INFO SCD-2.2: The file matching the pattern "passport_blacklist_\d{8}.xlsx" was read to dataframe successfully.
19-03-2021 08:28:36 INFO SCD-2.2: The data from the flat file was successfully loaded into the "ANBO_STG_PSSPRT_BLCKLST" table.
19-03-2021 08:28:36 INFO SCD-2.2: The file matching the pattern "transactions_\d{8}.txt" was read to dataframe successfully.
19-03-2021 08:28:39 INFO SCD-2.2: The data from the flat file was successfully loaded into the "ANBO_STG_TRANSACTIONS" table.
19-03-2021 08:28:39 INFO SCD-2.2: The file matching the pattern "terminals_\d{8}.xlsx" was read to dataframe successfully.
19-03-2021 08:28:39 INFO SCD-2.2: The data from the flat file was successfully loaded into the "ANBO_STG_TERMINALS_DRFT" table.
19-03-2021 08:28:39 INFO SCD-2.2: BANK.ACCOUNTS -> ANBO_STG_BANK_ACCOUNTS OK.
19-03-2021 08:28:39 INFO SCD-2.2: BANK.CARDS -> ANBO_STG_BANK_CARDS.
19-03-2021 08:28:39 INFO SCD-2.2: BANK.CLIENTS -> ANBO_STG_BANK_CLIENTS OK.
19-03-2021 08:28:39 INFO SCD-2.2: (CHANGED ROWS) ANBO_STG_TERMINALS_DRFT -> ANBO_STG_TERMINALS OK.
19-03-2021 08:28:39 INFO SCD-2.2: (NEW ROWS) ANBO_STG_TERMINALS_DRFT -> ANBO_STG_TERMINALS.
19-03-2021 08:28:39 INFO SCD-2.3: (FACT) ANBO_STG_TRANSACTIONS -> ANBO_DWH_FACT_TRANSACTIONS.
19-03-2021 08:28:39 INFO SCD-2.3: (FACT) ANBO_STG_PSSPRT_BLCKLST -> ANBO_DWH_FACT_PSSPRT_BLCKLST. OK
19-03-2021 08:28:39 INFO SCD-2.3: (DIM INSERT) ANBO_STG_TERMINALS -> ANBO_DWH_DIM_TERMINALS_HIST. OK
19-03-2021 08:28:39 INFO SCD-2.3: (DIM MERGE) ANBO_STG_TERMINALS -> ANBO_DWH_DIM_TERMINALS_HIST. OK
19-03-2021 08:28:39 INFO SCD-2.3: (DIM INSERT) ANBO_STG_BANK_ACCOUNTS -> ANBO_DWH_DIM_ACCOUNTS_HIST. OK
19-03-2021 08:28:39 INFO SCD-2.3: (DIM MERGE) ANBO_STG_BANK_ACCOUNTS -> ANBO_DWH_DIM_ACCOUNTS_HIST. OK
19-03-2021 08:28:39 INFO SCD-2.3: (DIM INSERT TRIM) ANBO_STG_BANK_CARDS -> ANBO_DWH_DIM_CARDS_HIST. OK
19-03-2021 08:28:39 INFO SCD-2.3: (DIM MERGE TRIM) ANBO_STG_BANK_CARDS -> ANBO_DWH_DIM_CARDS_HIST. OK
19-03-2021 08:28:39 INFO SCD-2.3: (DIM INSERT) DEMIPT.ANBO_STG_BANK_CLIENTS -> ANBO_DWH_DIM_CLIENTS_HIST. OK
19-03-2021 08:28:39 INFO SCD-2.3: (DIM MERGE) ANBO_STG_BANK_CLIENTS -> ANBO_DWH_DIM_CLIENTS_HIST. OK
19-03-2021 08:28:39 INFO SCD-2.4: (DELETING, KEYS) ANBO_STG_TERMINALS_DRFT -> ANBO_STG_TERMINALS_DEL. OK
19-03-2021 08:28:39 INFO SCD-2.4: (DELETING, KEYS) BANK.ACCOUNTS -> ANBO_STG_BANK_ACCOUNTS_DEL. OK
19-03-2021 08:28:39 INFO SCD-2.4: (DELETING, KEYS) BANK.CARDS -> ANBO_STG_BANK_CARDS_DEL. OK
19-03-2021 08:28:39 INFO SCD-2.4: (DELETING, KEYS) BANK.CARDS -> ANBO_STG_BANK_CARDS_DEL. OK
19-03-2021 08:28:39 INFO SCD-2.5: (DELETING, INSERT, FLAG = 'Y') ANBO_DWH_DIM_TERMINALS_HIST. OK
19-03-2021 08:28:39 INFO SCD-2.5: (DELETING, UPDATE) ANBO_DWH_DIM_TERMINALS_HIST. OK
19-03-2021 08:28:39 INFO SCD-2.5: (DELETING, INSERT, FLAG = 'Y') ANBO_DWH_DIM_ACCOUNTS_HIST. OK
19-03-2021 08:28:39 INFO SCD-2.5: (DELETING, UPDATE) ANBO_DWH_DIM_ACCOUNTS_HIST. OK
19-03-2021 08:28:39 INFO SCD-2.5: (DELETING, INSERT, FLAG = 'Y') ANBO_DWH_DIM_CARDS_HIST. OK
19-03-2021 08:28:39 INFO SCD-2.5: (DELETING, UPDATE) ANBO_DWH_DIM_CARDS_HIST. OK
19-03-2021 08:28:39 INFO SCD-2.5: (DELETING, INSERT, FLAG = 'Y') ANBO_DWH_DIM_CARDS_HIST. OK
19-03-2021 08:28:39 INFO SCD-2.5: (DELETING, UPDATE) ANBO_DWH_DIM_CARDS_HIST. OK
19-03-2021 08:28:39 INFO SCD-2.6: (METADATA UPDATE) ANBO_DWH_DIM_TERMINALS_HIST. OK
19-03-2021 08:28:39 INFO SCD-2.6: (METADATA UPDATE) ANBO_DWH_FACT_PSSPRT_BLCKLST. OK
19-03-2021 08:28:39 INFO SCD-2.6: (METADATA UPDATE) ANBO_DWH_DIM_ACCOUNTS_HIST. OK
19-03-2021 08:28:39 INFO SCD-2.6: (METADATA UPDATE) ANBO_DWH_DIM_CLIENTS_HIST. OK
19-03-2021 08:28:39 INFO SCD-2.6: (METADATA UPDATE) ANBO_DWH_FACT_TRANSACTIONS. OK
19-03-2021 08:28:39 INFO SCD-2.6: (METADATA UPDATE) ANBO_DWH_DIM_CARDS_HIST. OK
19-03-2021 08:28:39 INFO SCD-2.7: All data loaded successfully. Transaction completed successfully. 


